# JRE version: 7.0_07-b10
# Java VM: Java HotSpot(TM) 64-Bit Server VM (23.3-b01 mixed mode windows-amd64 compressed oops)
Heap
 PSYoungGen      total 95936K, used 6099K [0x00000000eaab0000, 0x00000000f4ed0000, 0x0000000100000000)
  eden space 91648K, 2% used [0x00000000eaab0000,0x00000000eac7d5a8,0x00000000f0430000)
  from space 4288K, 99% used [0x00000000f07a0000,0x00000000f0bc7990,0x00000000f0bd0000)
  to   space 38208K, 0% used [0x00000000f2980000,0x00000000f2980000,0x00000000f4ed0000)
 ParOldGen       total 88640K, used 48942K [0x00000000c0000000, 0x00000000c5690000, 0x00000000eaab0000)
  object space 88640K, 55% used [0x00000000c0000000,0x00000000c2fcbb18,0x00000000c5690000)
 PSPermGen       total 63296K, used 58325K [0x00000000b0000000, 0x00000000b3dd0000, 0x00000000c0000000)
  object space 63296K, 92% used [0x00000000b0000000,0x00000000b38f5410,0x00000000b3dd0000)
GC Heap History (10 events):
Event: 10590.030 GC heap before
{Heap before GC invocations=80 (full 20):
 PSYoungGen      total 105472K, used 102784K [0x00000000eaab0000, 0x00000000f5ed0000, 0x0000000100000000)
  eden space 102784K, 100% used [0x00000000eaab0000,0x00000000f0f10000,0x00000000f0f10000)
  from space 2688K, 0% used [0x00000000f0f10000,0x00000000f0f10000,0x00000000f11b0000)
  to   space 40832K, 0% used [0x00000000f36f0000,0x00000000f36f0000,0x00000000f5ed0000)
 ParOldGen       total 88640K, used 46115K [0x00000000c0000000, 0x00000000c5690000, 0x00000000eaab0000)
  object space 88640K, 52% used [0x00000000c0000000,0x00000000c2d08db8,0x00000000c5690000)
 PSPermGen       total 63872K, used 58199K [0x00000000b0000000, 0x00000000b3e60000, 0x00000000c0000000)
  object space 63872K, 91% used [0x00000000b0000000,0x00000000b38d5cb8,0x00000000b3e60000)
Event: 10590.038 GC heap after
Heap after GC invocations=80 (full 20):
 PSYoungGen      total 130688K, used 7895K [0x00000000eaab0000, 0x00000000f5600000, 0x0000000100000000)
  eden space 98880K, 0% used [0x00000000eaab0000,0x00000000eaab0000,0x00000000f0b40000)
  from space 31808K, 24% used [0x00000000f36f0000,0x00000000f3ea5c88,0x00000000f5600000)
  to   space 38272K, 0% used [0x00000000f0b40000,0x00000000f0b40000,0x00000000f30a0000)
 ParOldGen       total 88640K, used 46115K [0x00000000c0000000, 0x00000000c5690000, 0x00000000eaab0000)
  object space 88640K, 52% used [0x00000000c0000000,0x00000000c2d08db8,0x00000000c5690000)
 PSPermGen       total 63872K, used 58199K [0x00000000b0000000, 0x00000000b3e60000, 0x00000000c0000000)
  object space 63872K, 91% used [0x00000000b0000000,0x00000000b38d5cb8,0x00000000b3e60000)
}
Event: 10594.845 GC heap before
{Heap before GC invocations=81 (full 20):
 PSYoungGen      total 130688K, used 106775K [0x00000000eaab0000, 0x00000000f5600000, 0x0000000100000000)
  eden space 98880K, 100% used [0x00000000eaab0000,0x00000000f0b40000,0x00000000f0b40000)
  from space 31808K, 24% used [0x00000000f36f0000,0x00000000f3ea5c88,0x00000000f5600000)
  to   space 38272K, 0% used [0x00000000f0b40000,0x00000000f0b40000,0x00000000f30a0000)
 ParOldGen       total 88640K, used 46115K [0x00000000c0000000, 0x00000000c5690000, 0x00000000eaab0000)
  object space 88640K, 52% used [0x00000000c0000000,0x00000000c2d08db8,0x00000000c5690000)
 PSPermGen       total 63872K, used 58199K [0x00000000b0000000, 0x00000000b3e60000, 0x00000000c0000000)
  object space 63872K, 91% used [0x00000000b0000000,0x00000000b38d5e18,0x00000000b3e60000)
Event: 10594.869 GC heap after
Heap after GC invocations=81 (full 20):
 PSYoungGen      total 121728K, used 26528K [0x00000000eaab0000, 0x00000000f58a0000, 0x0000000100000000)
  eden space 95168K, 0% used [0x00000000eaab0000,0x00000000eaab0000,0x00000000f07a0000)
  from space 26560K, 99% used [0x00000000f0b40000,0x00000000f2528350,0x00000000f2530000)
  to   space 41472K, 0% used [0x00000000f3020000,0x00000000f3020000,0x00000000f58a0000)
 ParOldGen       total 88640K, used 52069K [0x00000000c0000000, 0x00000000c5690000, 0x00000000eaab0000)
  object space 88640K, 58% used [0x00000000c0000000,0x00000000c32d9488,0x00000000c5690000)
 PSPermGen       total 63872K, used 58199K [0x00000000b0000000, 0x00000000b3e60000, 0x00000000c0000000)
  object space 63872K, 91% used [0x00000000b0000000,0x00000000b38d5e18,0x00000000b3e60000)
}
Event: 10596.640 GC heap before
{Heap before GC invocations=82 (full 20):
 PSYoungGen      total 121728K, used 107104K [0x00000000eaab0000, 0x00000000f58a0000, 0x0000000100000000)
  eden space 95168K, 84% used [0x00000000eaab0000,0x00000000ef960078,0x00000000f07a0000)
  from space 26560K, 99% used [0x00000000f0b40000,0x00000000f2528350,0x00000000f2530000)
  to   space 41472K, 0% used [0x00000000f3020000,0x00000000f3020000,0x00000000f58a0000)
 ParOldGen       total 88640K, used 52069K [0x00000000c0000000, 0x00000000c5690000, 0x00000000eaab0000)
  object space 88640K, 58% used [0x00000000c0000000,0x00000000c32d9488,0x00000000c5690000)
 PSPermGen       total 63872K, used 58211K [0x00000000b0000000, 0x00000000b3e60000, 0x00000000c0000000)
  object space 63872K, 91% used [0x00000000b0000000,0x00000000b38d8e48,0x00000000b3e60000)
Event: 10596.660 GC heap after
Heap after GC invocations=82 (full 20):
 PSYoungGen      total 133568K, used 3379K [0x00000000eaab0000, 0x00000000f55a0000, 0x0000000100000000)
  eden space 95168K, 0% used [0x00000000eaab0000,0x00000000eaab0000,0x00000000f07a0000)
  from space 38400K, 8% used [0x00000000f3020000,0x00000000f336cc08,0x00000000f55a0000)
  to   space 39936K, 0% used [0x00000000f07a0000,0x00000000f07a0000,0x00000000f2ea0000)
 ParOldGen       total 88640K, used 73794K [0x00000000c0000000, 0x00000000c5690000, 0x00000000eaab0000)
  object space 88640K, 83% used [0x00000000c0000000,0x00000000c4810888,0x00000000c5690000)
 PSPermGen       total 63872K, used 58211K [0x00000000b0000000, 0x00000000b3e60000, 0x00000000c0000000)
  object space 63872K, 91% used [0x00000000b0000000,0x00000000b38d8e48,0x00000000b3e60000)
}
Event: 10596.660 GC heap before
{Heap before GC invocations=83 (full 21):
 PSYoungGen      total 133568K, used 3379K [0x00000000eaab0000, 0x00000000f55a0000, 0x0000000100000000)
  eden space 95168K, 0% used [0x00000000eaab0000,0x00000000eaab0000,0x00000000f07a0000)
  from space 38400K, 8% used [0x00000000f3020000,0x00000000f336cc08,0x00000000f55a0000)
  to   space 39936K, 0% used [0x00000000f07a0000,0x00000000f07a0000,0x00000000f2ea0000)
 ParOldGen       total 88640K, used 73794K [0x00000000c0000000, 0x00000000c5690000, 0x00000000eaab0000)
  object space 88640K, 83% used [0x00000000c0000000,0x00000000c4810888,0x00000000c5690000)
 PSPermGen       total 63872K, used 58211K [0x00000000b0000000, 0x00000000b3e60000, 0x00000000c0000000)
  object space 63872K, 91% used [0x00000000b0000000,0x00000000b38d8e48,0x00000000b3e60000)
Event: 10596.775 GC heap after
Heap after GC invocations=83 (full 21):
 PSYoungGen      total 133568K, used 0K [0x00000000eaab0000, 0x00000000f55a0000, 0x0000000100000000)
  eden space 95168K, 0% used [0x00000000eaab0000,0x00000000eaab0000,0x00000000f07a0000)
  from space 38400K, 0% used [0x00000000f3020000,0x00000000f3020000,0x00000000f55a0000)
  to   space 39936K, 0% used [0x00000000f07a0000,0x00000000f07a0000,0x00000000f2ea0000)
 ParOldGen       total 88640K, used 48942K [0x00000000c0000000, 0x00000000c5690000, 0x00000000eaab0000)
  object space 88640K, 55% used [0x00000000c0000000,0x00000000c2fcbb18,0x00000000c5690000)
 PSPermGen       total 63296K, used 58211K [0x00000000b0000000, 0x00000000b3dd0000, 0x00000000c0000000)
  object space 63296K, 91% used [0x00000000b0000000,0x00000000b38d8e08,0x00000000b3dd0000)
}
Event: 10658.137 GC heap before
{Heap before GC invocations=84 (full 21):
 PSYoungGen      total 133568K, used 95168K [0x00000000eaab0000, 0x00000000f55a0000, 0x0000000100000000)
  eden space 95168K, 100% used [0x00000000eaab0000,0x00000000f07a0000,0x00000000f07a0000)
  from space 38400K, 0% used [0x00000000f3020000,0x00000000f3020000,0x00000000f55a0000)
  to   space 39936K, 0% used [0x00000000f07a0000,0x00000000f07a0000,0x00000000f2ea0000)
 ParOldGen       total 88640K, used 48942K [0x00000000c0000000, 0x00000000c5690000, 0x00000000eaab0000)
  object space 88640K, 55% used [0x00000000c0000000,0x00000000c2fcbb18,0x00000000c5690000)
 PSPermGen       total 63296K, used 58323K [0x00000000b0000000, 0x00000000b3dd0000, 0x00000000c0000000)
  object space 63296K, 92% used [0x00000000b0000000,0x00000000b38f4c38,0x00000000b3dd0000)
Event: 10658.143 GC heap after
Heap after GC invocations=84 (full 21):
 PSYoungGen      total 95936K, used 4254K [0x00000000eaab0000, 0x00000000f4ed0000, 0x0000000100000000)
  eden space 91648K, 0% used [0x00000000eaab0000,0x00000000eaab0000,0x00000000f0430000)
  from space 4288K, 99% used [0x00000000f07a0000,0x00000000f0bc7990,0x00000000f0bd0000)
  to   space 38208K, 0% used [0x00000000f2980000,0x00000000f2980000,0x00000000f4ed0000)
 ParOldGen       total 88640K, used 48942K [0x00000000c0000000, 0x00000000c5690000, 0x00000000eaab0000)
  object space 88640K, 55% used [0x00000000c0000000,0x00000000c2fcbb18,0x00000000c5690000)
 PSPermGen       total 63296K, used 58323K [0x00000000b0000000, 0x00000000b3dd0000, 0x00000000c0000000)
  object space 63296K, 92% used [0x00000000b0000000,0x00000000b38f4c38,0x00000000b3dd0000)
}

