# JRE version: 7.0_07-b10
# Java VM: Java HotSpot(TM) 64-Bit Server VM (23.3-b01 mixed mode windows-amd64 compressed oops)
Heap
 PSYoungGen      total 30656K, used 16685K [0x00000000eaab0000, 0x00000000ee1c0000, 0x0000000100000000)
  eden space 25280K, 44% used [0x00000000eaab0000,0x00000000eb5c0cb8,0x00000000ec360000)
  from space 5376K, 99% used [0x00000000ecf80000,0x00000000ed4ba968,0x00000000ed4c0000)
  to   space 12416K, 0% used [0x00000000ec360000,0x00000000ec360000,0x00000000ecf80000)
 ParOldGen       total 86144K, used 37078K [0x00000000c0000000, 0x00000000c5420000, 0x00000000eaab0000)
  object space 86144K, 43% used [0x00000000c0000000,0x00000000c2435b40,0x00000000c5420000)
 PSPermGen       total 21248K, used 7600K [0x00000000bae00000, 0x00000000bc2c0000, 0x00000000c0000000)
  object space 21248K, 35% used [0x00000000bae00000,0x00000000bb56c100,0x00000000bc2c0000)
GC Heap History (10 events):
Event: 10.686 GC heap before
{Heap before GC invocations=4 (full 0):
 PSYoungGen      total 37696K, used 37688K [0x00000000eaab0000, 0x00000000ed4c0000, 0x0000000100000000)
  eden space 32320K, 100% used [0x00000000eaab0000,0x00000000eca40000,0x00000000eca40000)
  from space 5376K, 99% used [0x00000000eca40000,0x00000000ecf7e308,0x00000000ecf80000)
  to   space 5376K, 0% used [0x00000000ecf80000,0x00000000ecf80000,0x00000000ed4c0000)
 ParOldGen       total 86144K, used 13021K [0x00000000c0000000, 0x00000000c5420000, 0x00000000eaab0000)
  object space 86144K, 15% used [0x00000000c0000000,0x00000000c0cb77d8,0x00000000c5420000)
 PSPermGen       total 21248K, used 5394K [0x00000000bae00000, 0x00000000bc2c0000, 0x00000000c0000000)
  object space 21248K, 25% used [0x00000000bae00000,0x00000000bb344b40,0x00000000bc2c0000)
Event: 10.697 GC heap after
Heap after GC invocations=4 (full 0):
 PSYoungGen      total 37696K, used 5356K [0x00000000eaab0000, 0x00000000ed4c0000, 0x0000000100000000)
  eden space 32320K, 0% used [0x00000000eaab0000,0x00000000eaab0000,0x00000000eca40000)
  from space 5376K, 99% used [0x00000000ecf80000,0x00000000ed4bb2b8,0x00000000ed4c0000)
  to   space 5376K, 0% used [0x00000000eca40000,0x00000000eca40000,0x00000000ecf80000)
 ParOldGen       total 86144K, used 17581K [0x00000000c0000000, 0x00000000c5420000, 0x00000000eaab0000)
  object space 86144K, 20% used [0x00000000c0000000,0x00000000c112b7d8,0x00000000c5420000)
 PSPermGen       total 21248K, used 5394K [0x00000000bae00000, 0x00000000bc2c0000, 0x00000000c0000000)
  object space 21248K, 25% used [0x00000000bae00000,0x00000000bb344b40,0x00000000bc2c0000)
}
Event: 11.820 GC heap before
{Heap before GC invocations=5 (full 0):
 PSYoungGen      total 37696K, used 37676K [0x00000000eaab0000, 0x00000000ed4c0000, 0x0000000100000000)
  eden space 32320K, 100% used [0x00000000eaab0000,0x00000000eca40000,0x00000000eca40000)
  from space 5376K, 99% used [0x00000000ecf80000,0x00000000ed4bb2b8,0x00000000ed4c0000)
  to   space 5376K, 0% used [0x00000000eca40000,0x00000000eca40000,0x00000000ecf80000)
 ParOldGen       total 86144K, used 17581K [0x00000000c0000000, 0x00000000c5420000, 0x00000000eaab0000)
  object space 86144K, 20% used [0x00000000c0000000,0x00000000c112b7d8,0x00000000c5420000)
 PSPermGen       total 21248K, used 5423K [0x00000000bae00000, 0x00000000bc2c0000, 0x00000000c0000000)
  object space 21248K, 25% used [0x00000000bae00000,0x00000000bb34bc50,0x00000000bc2c0000)
Event: 11.830 GC heap after
Heap after GC invocations=5 (full 0):
 PSYoungGen      total 37696K, used 5374K [0x00000000eaab0000, 0x00000000ed4c0000, 0x0000000100000000)
  eden space 32320K, 0% used [0x00000000eaab0000,0x00000000eaab0000,0x00000000eca40000)
  from space 5376K, 99% used [0x00000000eca40000,0x00000000ecf7faa8,0x00000000ecf80000)
  to   space 5376K, 0% used [0x00000000ecf80000,0x00000000ecf80000,0x00000000ed4c0000)
 ParOldGen       total 86144K, used 21888K [0x00000000c0000000, 0x00000000c5420000, 0x00000000eaab0000)
  object space 86144K, 25% used [0x00000000c0000000,0x00000000c1560328,0x00000000c5420000)
 PSPermGen       total 21248K, used 5423K [0x00000000bae00000, 0x00000000bc2c0000, 0x00000000c0000000)
  object space 21248K, 25% used [0x00000000bae00000,0x00000000bb34bc50,0x00000000bc2c0000)
}
Event: 12.871 GC heap before
{Heap before GC invocations=6 (full 0):
 PSYoungGen      total 37696K, used 37694K [0x00000000eaab0000, 0x00000000ed4c0000, 0x0000000100000000)
  eden space 32320K, 100% used [0x00000000eaab0000,0x00000000eca40000,0x00000000eca40000)
  from space 5376K, 99% used [0x00000000eca40000,0x00000000ecf7faa8,0x00000000ecf80000)
  to   space 5376K, 0% used [0x00000000ecf80000,0x00000000ecf80000,0x00000000ed4c0000)
 ParOldGen       total 86144K, used 21888K [0x00000000c0000000, 0x00000000c5420000, 0x00000000eaab0000)
  object space 86144K, 25% used [0x00000000c0000000,0x00000000c1560328,0x00000000c5420000)
 PSPermGen       total 21248K, used 5432K [0x00000000bae00000, 0x00000000bc2c0000, 0x00000000c0000000)
  object space 21248K, 25% used [0x00000000bae00000,0x00000000bb34e1d0,0x00000000bc2c0000)
Event: 12.884 GC heap after
Heap after GC invocations=6 (full 0):
 PSYoungGen      total 37696K, used 5373K [0x00000000eaab0000, 0x00000000ed4c0000, 0x0000000100000000)
  eden space 32320K, 0% used [0x00000000eaab0000,0x00000000eaab0000,0x00000000eca40000)
  from space 5376K, 99% used [0x00000000ecf80000,0x00000000ed4bf5b0,0x00000000ed4c0000)
  to   space 5376K, 0% used [0x00000000eca40000,0x00000000eca40000,0x00000000ecf80000)
 ParOldGen       total 86144K, used 26622K [0x00000000c0000000, 0x00000000c5420000, 0x00000000eaab0000)
  object space 86144K, 30% used [0x00000000c0000000,0x00000000c19ffa90,0x00000000c5420000)
 PSPermGen       total 21248K, used 5432K [0x00000000bae00000, 0x00000000bc2c0000, 0x00000000c0000000)
  object space 21248K, 25% used [0x00000000bae00000,0x00000000bb34e1d0,0x00000000bc2c0000)
}
Event: 14.988 GC heap before
{Heap before GC invocations=7 (full 0):
 PSYoungGen      total 37696K, used 37693K [0x00000000eaab0000, 0x00000000ed4c0000, 0x0000000100000000)
  eden space 32320K, 100% used [0x00000000eaab0000,0x00000000eca40000,0x00000000eca40000)
  from space 5376K, 99% used [0x00000000ecf80000,0x00000000ed4bf5b0,0x00000000ed4c0000)
  to   space 5376K, 0% used [0x00000000eca40000,0x00000000eca40000,0x00000000ecf80000)
 ParOldGen       total 86144K, used 26622K [0x00000000c0000000, 0x00000000c5420000, 0x00000000eaab0000)
  object space 86144K, 30% used [0x00000000c0000000,0x00000000c19ffa90,0x00000000c5420000)
 PSPermGen       total 21248K, used 6100K [0x00000000bae00000, 0x00000000bc2c0000, 0x00000000c0000000)
  object space 21248K, 28% used [0x00000000bae00000,0x00000000bb3f52c0,0x00000000bc2c0000)
Event: 15.001 GC heap after
Heap after GC invocations=7 (full 0):
 PSYoungGen      total 37696K, used 5365K [0x00000000eaab0000, 0x00000000ed4c0000, 0x0000000100000000)
  eden space 32320K, 0% used [0x00000000eaab0000,0x00000000eaab0000,0x00000000eca40000)
  from space 5376K, 99% used [0x00000000eca40000,0x00000000ecf7d4f8,0x00000000ecf80000)
  to   space 5376K, 0% used [0x00000000ecf80000,0x00000000ecf80000,0x00000000ed4c0000)
 ParOldGen       total 86144K, used 33206K [0x00000000c0000000, 0x00000000c5420000, 0x00000000eaab0000)
  object space 86144K, 38% used [0x00000000c0000000,0x00000000c206d840,0x00000000c5420000)
 PSPermGen       total 21248K, used 6100K [0x00000000bae00000, 0x00000000bc2c0000, 0x00000000c0000000)
  object space 21248K, 28% used [0x00000000bae00000,0x00000000bb3f52c0,0x00000000bc2c0000)
}
Event: 16.506 GC heap before
{Heap before GC invocations=8 (full 0):
 PSYoungGen      total 37696K, used 37418K [0x00000000eaab0000, 0x00000000ed4c0000, 0x0000000100000000)
  eden space 32320K, 99% used [0x00000000eaab0000,0x00000000ec9fd370,0x00000000eca40000)
  from space 5376K, 99% used [0x00000000eca40000,0x00000000ecf7d4f8,0x00000000ecf80000)
  to   space 5376K, 0% used [0x00000000ecf80000,0x00000000ecf80000,0x00000000ed4c0000)
 ParOldGen       total 86144K, used 33206K [0x00000000c0000000, 0x00000000c5420000, 0x00000000eaab0000)
  object space 86144K, 38% used [0x00000000c0000000,0x00000000c206d840,0x00000000c5420000)
 PSPermGen       total 21248K, used 7585K [0x00000000bae00000, 0x00000000bc2c0000, 0x00000000c0000000)
  object space 21248K, 35% used [0x00000000bae00000,0x00000000bb568570,0x00000000bc2c0000)
Event: 16.511 GC heap after
Heap after GC invocations=8 (full 0):
 PSYoungGen      total 30656K, used 5354K [0x00000000eaab0000, 0x00000000ee1c0000, 0x0000000100000000)
  eden space 25280K, 0% used [0x00000000eaab0000,0x00000000eaab0000,0x00000000ec360000)
  from space 5376K, 99% used [0x00000000ecf80000,0x00000000ed4ba968,0x00000000ed4c0000)
  to   space 12416K, 0% used [0x00000000ec360000,0x00000000ec360000,0x00000000ecf80000)
 ParOldGen       total 86144K, used 37078K [0x00000000c0000000, 0x00000000c5420000, 0x00000000eaab0000)
  object space 86144K, 43% used [0x00000000c0000000,0x00000000c2435b40,0x00000000c5420000)
 PSPermGen       total 21248K, used 7585K [0x00000000bae00000, 0x00000000bc2c0000, 0x00000000c0000000)
  object space 21248K, 35% used [0x00000000bae00000,0x00000000bb568570,0x00000000bc2c0000)
}

