# JRE version: 7.0_07-b10
# Java VM: Java HotSpot(TM) 64-Bit Server VM (23.3-b01 mixed mode windows-amd64 compressed oops)
Heap
 PSYoungGen      total 47616K, used 19316K [0x00000000eaab0000, 0x00000000ef9e0000, 0x0000000100000000)
  eden space 32320K, 39% used [0x00000000eaab0000,0x00000000eb74e618,0x00000000eca40000)
  from space 15296K, 41% used [0x00000000eeaf0000,0x00000000ef12ec58,0x00000000ef9e0000)
  to   space 5376K, 0% used [0x00000000eca40000,0x00000000eca40000,0x00000000ecf80000)
 ParOldGen       total 86144K, used 42062K [0x00000000c0000000, 0x00000000c5420000, 0x00000000eaab0000)
  object space 86144K, 48% used [0x00000000c0000000,0x00000000c2913b58,0x00000000c5420000)
 PSPermGen       total 21248K, used 7615K [0x00000000bae00000, 0x00000000bc2c0000, 0x00000000c0000000)
  object space 21248K, 35% used [0x00000000bae00000,0x00000000bb56fec8,0x00000000bc2c0000)
GC Heap History (10 events):
Event: 7.796 GC heap before
{Heap before GC invocations=6 (full 0):
 PSYoungGen      total 36928K, used 36926K [0x00000000eaab0000, 0x00000000ee2c0000, 0x0000000100000000)
  eden space 31552K, 100% used [0x00000000eaab0000,0x00000000ec980000,0x00000000ec980000)
  from space 5376K, 99% used [0x00000000eca40000,0x00000000ecf7fb60,0x00000000ecf80000)
  to   space 12928K, 0% used [0x00000000ed620000,0x00000000ed620000,0x00000000ee2c0000)
 ParOldGen       total 86144K, used 22779K [0x00000000c0000000, 0x00000000c5420000, 0x00000000eaab0000)
  object space 86144K, 26% used [0x00000000c0000000,0x00000000c163ef08,0x00000000c5420000)
 PSPermGen       total 21248K, used 5421K [0x00000000bae00000, 0x00000000bc2c0000, 0x00000000c0000000)
  object space 21248K, 25% used [0x00000000bae00000,0x00000000bb34b4c0,0x00000000bc2c0000)
Event: 7.811 GC heap after
Heap after GC invocations=6 (full 0):
 PSYoungGen      total 44480K, used 10374K [0x00000000eaab0000, 0x00000000ee2c0000, 0x0000000100000000)
  eden space 31552K, 0% used [0x00000000eaab0000,0x00000000eaab0000,0x00000000ec980000)
  from space 12928K, 80% used [0x00000000ed620000,0x00000000ee0418a0,0x00000000ee2c0000)
  to   space 5376K, 0% used [0x00000000eca40000,0x00000000eca40000,0x00000000ecf80000)
 ParOldGen       total 86144K, used 22779K [0x00000000c0000000, 0x00000000c5420000, 0x00000000eaab0000)
  object space 86144K, 26% used [0x00000000c0000000,0x00000000c163ef08,0x00000000c5420000)
 PSPermGen       total 21248K, used 5421K [0x00000000bae00000, 0x00000000bc2c0000, 0x00000000c0000000)
  object space 21248K, 25% used [0x00000000bae00000,0x00000000bb34b4c0,0x00000000bc2c0000)
}
Event: 8.593 GC heap before
{Heap before GC invocations=7 (full 0):
 PSYoungGen      total 44480K, used 41926K [0x00000000eaab0000, 0x00000000ee2c0000, 0x0000000100000000)
  eden space 31552K, 100% used [0x00000000eaab0000,0x00000000ec980000,0x00000000ec980000)
  from space 12928K, 80% used [0x00000000ed620000,0x00000000ee0418a0,0x00000000ee2c0000)
  to   space 5376K, 0% used [0x00000000eca40000,0x00000000eca40000,0x00000000ecf80000)
 ParOldGen       total 86144K, used 22779K [0x00000000c0000000, 0x00000000c5420000, 0x00000000eaab0000)
  object space 86144K, 26% used [0x00000000c0000000,0x00000000c163ef08,0x00000000c5420000)
 PSPermGen       total 21248K, used 5433K [0x00000000bae00000, 0x00000000bc2c0000, 0x00000000c0000000)
  object space 21248K, 25% used [0x00000000bae00000,0x00000000bb34e450,0x00000000bc2c0000)
Event: 8.616 GC heap after
Heap after GC invocations=7 (full 0):
 PSYoungGen      total 36928K, used 5350K [0x00000000eaab0000, 0x00000000ee2c0000, 0x0000000100000000)
  eden space 31552K, 0% used [0x00000000eaab0000,0x00000000eaab0000,0x00000000ec980000)
  from space 5376K, 99% used [0x00000000eca40000,0x00000000ecf79960,0x00000000ecf80000)
  to   space 12928K, 0% used [0x00000000ed620000,0x00000000ed620000,0x00000000ee2c0000)
 ParOldGen       total 86144K, used 31977K [0x00000000c0000000, 0x00000000c5420000, 0x00000000eaab0000)
  object space 86144K, 37% used [0x00000000c0000000,0x00000000c1f3a790,0x00000000c5420000)
 PSPermGen       total 21248K, used 5433K [0x00000000bae00000, 0x00000000bc2c0000, 0x00000000c0000000)
  object space 21248K, 25% used [0x00000000bae00000,0x00000000bb34e450,0x00000000bc2c0000)
}
Event: 8.992 GC heap before
{Heap before GC invocations=8 (full 0):
 PSYoungGen      total 36928K, used 36902K [0x00000000eaab0000, 0x00000000ee2c0000, 0x0000000100000000)
  eden space 31552K, 100% used [0x00000000eaab0000,0x00000000ec980000,0x00000000ec980000)
  from space 5376K, 99% used [0x00000000eca40000,0x00000000ecf79960,0x00000000ecf80000)
  to   space 12928K, 0% used [0x00000000ed620000,0x00000000ed620000,0x00000000ee2c0000)
 ParOldGen       total 86144K, used 31977K [0x00000000c0000000, 0x00000000c5420000, 0x00000000eaab0000)
  object space 86144K, 37% used [0x00000000c0000000,0x00000000c1f3a790,0x00000000c5420000)
 PSPermGen       total 21248K, used 5442K [0x00000000bae00000, 0x00000000bc2c0000, 0x00000000c0000000)
  object space 21248K, 25% used [0x00000000bae00000,0x00000000bb350a00,0x00000000bc2c0000)
Event: 9.007 GC heap after
Heap after GC invocations=8 (full 0):
 PSYoungGen      total 44480K, used 8167K [0x00000000eaab0000, 0x00000000ee2c0000, 0x0000000100000000)
  eden space 31552K, 0% used [0x00000000eaab0000,0x00000000eaab0000,0x00000000ec980000)
  from space 12928K, 63% used [0x00000000ed620000,0x00000000ede19d88,0x00000000ee2c0000)
  to   space 5376K, 0% used [0x00000000eca40000,0x00000000eca40000,0x00000000ecf80000)
 ParOldGen       total 86144K, used 33079K [0x00000000c0000000, 0x00000000c5420000, 0x00000000eaab0000)
  object space 86144K, 38% used [0x00000000c0000000,0x00000000c204dc10,0x00000000c5420000)
 PSPermGen       total 21248K, used 5442K [0x00000000bae00000, 0x00000000bc2c0000, 0x00000000c0000000)
  object space 21248K, 25% used [0x00000000bae00000,0x00000000bb350a00,0x00000000bc2c0000)
}
Event: 11.312 GC heap before
{Heap before GC invocations=9 (full 0):
 PSYoungGen      total 44480K, used 39719K [0x00000000eaab0000, 0x00000000ee2c0000, 0x0000000100000000)
  eden space 31552K, 100% used [0x00000000eaab0000,0x00000000ec980000,0x00000000ec980000)
  from space 12928K, 63% used [0x00000000ed620000,0x00000000ede19d88,0x00000000ee2c0000)
  to   space 5376K, 0% used [0x00000000eca40000,0x00000000eca40000,0x00000000ecf80000)
 ParOldGen       total 86144K, used 33079K [0x00000000c0000000, 0x00000000c5420000, 0x00000000eaab0000)
  object space 86144K, 38% used [0x00000000c0000000,0x00000000c204dc10,0x00000000c5420000)
 PSPermGen       total 21248K, used 6517K [0x00000000bae00000, 0x00000000bc2c0000, 0x00000000c0000000)
  object space 21248K, 30% used [0x00000000bae00000,0x00000000bb45d4d0,0x00000000bc2c0000)
Event: 11.324 GC heap after
Heap after GC invocations=9 (full 0):
 PSYoungGen      total 37696K, used 5373K [0x00000000eaab0000, 0x00000000ef9e0000, 0x0000000100000000)
  eden space 32320K, 0% used [0x00000000eaab0000,0x00000000eaab0000,0x00000000eca40000)
  from space 5376K, 99% used [0x00000000eca40000,0x00000000ecf7f580,0x00000000ecf80000)
  to   space 15296K, 0% used [0x00000000eeaf0000,0x00000000eeaf0000,0x00000000ef9e0000)
 ParOldGen       total 86144K, used 40907K [0x00000000c0000000, 0x00000000c5420000, 0x00000000eaab0000)
  object space 86144K, 47% used [0x00000000c0000000,0x00000000c27f2dc0,0x00000000c5420000)
 PSPermGen       total 21248K, used 6517K [0x00000000bae00000, 0x00000000bc2c0000, 0x00000000c0000000)
  object space 21248K, 30% used [0x00000000bae00000,0x00000000bb45d4d0,0x00000000bc2c0000)
}
Event: 11.959 GC heap before
{Heap before GC invocations=10 (full 0):
 PSYoungGen      total 37696K, used 37692K [0x00000000eaab0000, 0x00000000ef9e0000, 0x0000000100000000)
  eden space 32320K, 99% used [0x00000000eaab0000,0x00000000eca3fab0,0x00000000eca40000)
  from space 5376K, 99% used [0x00000000eca40000,0x00000000ecf7f580,0x00000000ecf80000)
  to   space 15296K, 0% used [0x00000000eeaf0000,0x00000000eeaf0000,0x00000000ef9e0000)
 ParOldGen       total 86144K, used 40907K [0x00000000c0000000, 0x00000000c5420000, 0x00000000eaab0000)
  object space 86144K, 47% used [0x00000000c0000000,0x00000000c27f2dc0,0x00000000c5420000)
 PSPermGen       total 21248K, used 7604K [0x00000000bae00000, 0x00000000bc2c0000, 0x00000000c0000000)
  object space 21248K, 35% used [0x00000000bae00000,0x00000000bb56d220,0x00000000bc2c0000)
Event: 11.966 GC heap after
Heap after GC invocations=10 (full 0):
 PSYoungGen      total 47616K, used 6395K [0x00000000eaab0000, 0x00000000ef9e0000, 0x0000000100000000)
  eden space 32320K, 0% used [0x00000000eaab0000,0x00000000eaab0000,0x00000000eca40000)
  from space 15296K, 41% used [0x00000000eeaf0000,0x00000000ef12ec58,0x00000000ef9e0000)
  to   space 5376K, 0% used [0x00000000eca40000,0x00000000eca40000,0x00000000ecf80000)
 ParOldGen       total 86144K, used 42062K [0x00000000c0000000, 0x00000000c5420000, 0x00000000eaab0000)
  object space 86144K, 48% used [0x00000000c0000000,0x00000000c2913b58,0x00000000c5420000)
 PSPermGen       total 21248K, used 7604K [0x00000000bae00000, 0x00000000bc2c0000, 0x00000000c0000000)
  object space 21248K, 35% used [0x00000000bae00000,0x00000000bb56d220,0x00000000bc2c0000)
}

