# JRE version: 7.0_07-b10
# Java VM: Java HotSpot(TM) 64-Bit Server VM (23.3-b01 mixed mode windows-amd64 compressed oops)
Heap
 PSYoungGen      total 86080K, used 55452K [0x00000000eaab0000, 0x00000000f0e40000, 0x0000000100000000)
  eden space 70848K, 64% used [0x00000000eaab0000,0x00000000ed724368,0x00000000eefe0000)
  from space 15232K, 65% used [0x00000000eefe0000,0x00000000ef993028,0x00000000efec0000)
  to   space 14592K, 0% used [0x00000000efec0000,0x00000000efec0000,0x00000000f0d00000)
 ParOldGen       total 86144K, used 52250K [0x00000000c0000000, 0x00000000c5420000, 0x00000000eaab0000)
  object space 86144K, 60% used [0x00000000c0000000,0x00000000c3306948,0x00000000c5420000)
 PSPermGen       total 21248K, used 7679K [0x00000000bae00000, 0x00000000bc2c0000, 0x00000000c0000000)
  object space 21248K, 36% used [0x00000000bae00000,0x00000000bb57fe88,0x00000000bc2c0000)
GC Heap History (10 events):
Event: 25.679 GC heap before
{Heap before GC invocations=9 (full 0):
 PSYoungGen      total 41088K, used 41079K [0x00000000eaab0000, 0x00000000f0370000, 0x0000000100000000)
  eden space 27904K, 100% used [0x00000000eaab0000,0x00000000ec5f0000,0x00000000ec5f0000)
  from space 13184K, 99% used [0x00000000ed4f0000,0x00000000ee1cdf68,0x00000000ee1d0000)
  to   space 15360K, 0% used [0x00000000ec5f0000,0x00000000ec5f0000,0x00000000ed4f0000)
 ParOldGen       total 86144K, used 28580K [0x00000000c0000000, 0x00000000c5420000, 0x00000000eaab0000)
  object space 86144K, 33% used [0x00000000c0000000,0x00000000c1be92d0,0x00000000c5420000)
 PSPermGen       total 21248K, used 5452K [0x00000000bae00000, 0x00000000bc2c0000, 0x00000000c0000000)
  object space 21248K, 25% used [0x00000000bae00000,0x00000000bb3530f0,0x00000000bc2c0000)
Event: 25.694 GC heap after
Heap after GC invocations=9 (full 0):
 PSYoungGen      total 43264K, used 10608K [0x00000000eaab0000, 0x00000000ef370000, 0x0000000100000000)
  eden space 27904K, 0% used [0x00000000eaab0000,0x00000000eaab0000,0x00000000ec5f0000)
  from space 15360K, 69% used [0x00000000ec5f0000,0x00000000ed04c340,0x00000000ed4f0000)
  to   space 14912K, 0% used [0x00000000ee4e0000,0x00000000ee4e0000,0x00000000ef370000)
 ParOldGen       total 86144K, used 34609K [0x00000000c0000000, 0x00000000c5420000, 0x00000000eaab0000)
  object space 86144K, 40% used [0x00000000c0000000,0x00000000c21cc788,0x00000000c5420000)
 PSPermGen       total 21248K, used 5452K [0x00000000bae00000, 0x00000000bc2c0000, 0x00000000c0000000)
  object space 21248K, 25% used [0x00000000bae00000,0x00000000bb3530f0,0x00000000bc2c0000)
}
Event: 28.387 GC heap before
{Heap before GC invocations=10 (full 0):
 PSYoungGen      total 43264K, used 38512K [0x00000000eaab0000, 0x00000000ef370000, 0x0000000100000000)
  eden space 27904K, 100% used [0x00000000eaab0000,0x00000000ec5f0000,0x00000000ec5f0000)
  from space 15360K, 69% used [0x00000000ec5f0000,0x00000000ed04c340,0x00000000ed4f0000)
  to   space 14912K, 0% used [0x00000000ee4e0000,0x00000000ee4e0000,0x00000000ef370000)
 ParOldGen       total 86144K, used 34609K [0x00000000c0000000, 0x00000000c5420000, 0x00000000eaab0000)
  object space 86144K, 40% used [0x00000000c0000000,0x00000000c21cc788,0x00000000c5420000)
 PSPermGen       total 21248K, used 6144K [0x00000000bae00000, 0x00000000bc2c0000, 0x00000000c0000000)
  object space 21248K, 28% used [0x00000000bae00000,0x00000000bb4000f8,0x00000000bc2c0000)
Event: 28.414 GC heap after
Heap after GC invocations=10 (full 0):
 PSYoungGen      total 59200K, used 9638K [0x00000000eaab0000, 0x00000000ef310000, 0x0000000100000000)
  eden space 44672K, 0% used [0x00000000eaab0000,0x00000000eaab0000,0x00000000ed650000)
  from space 14528K, 66% used [0x00000000ee4e0000,0x00000000eee49818,0x00000000ef310000)
  to   space 14720K, 0% used [0x00000000ed650000,0x00000000ed650000,0x00000000ee4b0000)
 ParOldGen       total 86144K, used 38182K [0x00000000c0000000, 0x00000000c5420000, 0x00000000eaab0000)
  object space 86144K, 44% used [0x00000000c0000000,0x00000000c2549b10,0x00000000c5420000)
 PSPermGen       total 21248K, used 6144K [0x00000000bae00000, 0x00000000bc2c0000, 0x00000000c0000000)
  object space 21248K, 28% used [0x00000000bae00000,0x00000000bb4000f8,0x00000000bc2c0000)
}
Event: 30.343 GC heap before
{Heap before GC invocations=11 (full 0):
 PSYoungGen      total 59200K, used 54310K [0x00000000eaab0000, 0x00000000ef310000, 0x0000000100000000)
  eden space 44672K, 100% used [0x00000000eaab0000,0x00000000ed650000,0x00000000ed650000)
  from space 14528K, 66% used [0x00000000ee4e0000,0x00000000eee49818,0x00000000ef310000)
  to   space 14720K, 0% used [0x00000000ed650000,0x00000000ed650000,0x00000000ee4b0000)
 ParOldGen       total 86144K, used 38182K [0x00000000c0000000, 0x00000000c5420000, 0x00000000eaab0000)
  object space 86144K, 44% used [0x00000000c0000000,0x00000000c2549b10,0x00000000c5420000)
 PSPermGen       total 21248K, used 7627K [0x00000000bae00000, 0x00000000bc2c0000, 0x00000000c0000000)
  object space 21248K, 35% used [0x00000000bae00000,0x00000000bb572f20,0x00000000bc2c0000)
Event: 30.374 GC heap after
Heap after GC invocations=11 (full 0):
 PSYoungGen      total 59392K, used 9096K [0x00000000eaab0000, 0x00000000f0d00000, 0x0000000100000000)
  eden space 44672K, 0% used [0x00000000eaab0000,0x00000000eaab0000,0x00000000ed650000)
  from space 14720K, 61% used [0x00000000ed650000,0x00000000edf32268,0x00000000ee4b0000)
  to   space 14592K, 0% used [0x00000000efec0000,0x00000000efec0000,0x00000000f0d00000)
 ParOldGen       total 86144K, used 47275K [0x00000000c0000000, 0x00000000c5420000, 0x00000000eaab0000)
  object space 86144K, 54% used [0x00000000c0000000,0x00000000c2e2ac20,0x00000000c5420000)
 PSPermGen       total 21248K, used 7627K [0x00000000bae00000, 0x00000000bc2c0000, 0x00000000c0000000)
  object space 21248K, 35% used [0x00000000bae00000,0x00000000bb572f20,0x00000000bc2c0000)
}
Event: 30.609 GC heap before
{Heap before GC invocations=12 (full 0):
 PSYoungGen      total 59392K, used 53768K [0x00000000eaab0000, 0x00000000f0d00000, 0x0000000100000000)
  eden space 44672K, 100% used [0x00000000eaab0000,0x00000000ed650000,0x00000000ed650000)
  from space 14720K, 61% used [0x00000000ed650000,0x00000000edf32268,0x00000000ee4b0000)
  to   space 14592K, 0% used [0x00000000efec0000,0x00000000efec0000,0x00000000f0d00000)
 ParOldGen       total 86144K, used 47275K [0x00000000c0000000, 0x00000000c5420000, 0x00000000eaab0000)
  object space 86144K, 54% used [0x00000000c0000000,0x00000000c2e2ac20,0x00000000c5420000)
 PSPermGen       total 21248K, used 7659K [0x00000000bae00000, 0x00000000bc2c0000, 0x00000000c0000000)
  object space 21248K, 36% used [0x00000000bae00000,0x00000000bb57ac10,0x00000000bc2c0000)
Event: 30.614 GC heap after
Heap after GC invocations=12 (full 0):
 PSYoungGen      total 85440K, used 13424K [0x00000000eaab0000, 0x00000000f0e40000, 0x0000000100000000)
  eden space 70848K, 0% used [0x00000000eaab0000,0x00000000eaab0000,0x00000000eefe0000)
  from space 14592K, 92% used [0x00000000efec0000,0x00000000f0bdc2a0,0x00000000f0d00000)
  to   space 15232K, 0% used [0x00000000eefe0000,0x00000000eefe0000,0x00000000efec0000)
 ParOldGen       total 86144K, used 52250K [0x00000000c0000000, 0x00000000c5420000, 0x00000000eaab0000)
  object space 86144K, 60% used [0x00000000c0000000,0x00000000c3306948,0x00000000c5420000)
 PSPermGen       total 21248K, used 7659K [0x00000000bae00000, 0x00000000bc2c0000, 0x00000000c0000000)
  object space 21248K, 36% used [0x00000000bae00000,0x00000000bb57ac10,0x00000000bc2c0000)
}
Event: 30.900 GC heap before
{Heap before GC invocations=13 (full 0):
 PSYoungGen      total 85440K, used 84272K [0x00000000eaab0000, 0x00000000f0e40000, 0x0000000100000000)
  eden space 70848K, 100% used [0x00000000eaab0000,0x00000000eefe0000,0x00000000eefe0000)
  from space 14592K, 92% used [0x00000000efec0000,0x00000000f0bdc2a0,0x00000000f0d00000)
  to   space 15232K, 0% used [0x00000000eefe0000,0x00000000eefe0000,0x00000000efec0000)
 ParOldGen       total 86144K, used 52250K [0x00000000c0000000, 0x00000000c5420000, 0x00000000eaab0000)
  object space 86144K, 60% used [0x00000000c0000000,0x00000000c3306948,0x00000000c5420000)
 PSPermGen       total 21248K, used 7675K [0x00000000bae00000, 0x00000000bc2c0000, 0x00000000c0000000)
  object space 21248K, 36% used [0x00000000bae00000,0x00000000bb57ee40,0x00000000bc2c0000)
Event: 30.905 GC heap after
Heap after GC invocations=13 (full 0):
 PSYoungGen      total 86080K, used 9932K [0x00000000eaab0000, 0x00000000f0e40000, 0x0000000100000000)
  eden space 70848K, 0% used [0x00000000eaab0000,0x00000000eaab0000,0x00000000eefe0000)
  from space 15232K, 65% used [0x00000000eefe0000,0x00000000ef993028,0x00000000efec0000)
  to   space 14592K, 0% used [0x00000000efec0000,0x00000000efec0000,0x00000000f0d00000)
 ParOldGen       total 86144K, used 52250K [0x00000000c0000000, 0x00000000c5420000, 0x00000000eaab0000)
  object space 86144K, 60% used [0x00000000c0000000,0x00000000c3306948,0x00000000c5420000)
 PSPermGen       total 21248K, used 7675K [0x00000000bae00000, 0x00000000bc2c0000, 0x00000000c0000000)
  object space 21248K, 36% used [0x00000000bae00000,0x00000000bb57ee40,0x00000000bc2c0000)
}

