# JRE version: 7.0_07-b10
# Java VM: Java HotSpot(TM) 64-Bit Server VM (23.3-b01 mixed mode windows-amd64 compressed oops)
Heap
 PSYoungGen      total 77184K, used 22026K [0x00000000eaab0000, 0x00000000f0290000, 0x0000000100000000)
  eden space 64576K, 21% used [0x00000000eaab0000,0x00000000eb83bd90,0x00000000ee9c0000)
  from space 12608K, 64% used [0x00000000ef620000,0x00000000efe16bc0,0x00000000f0270000)
  to   space 12672K, 0% used [0x00000000ee9c0000,0x00000000ee9c0000,0x00000000ef620000)
 ParOldGen       total 86144K, used 34373K [0x00000000c0000000, 0x00000000c5420000, 0x00000000eaab0000)
  object space 86144K, 39% used [0x00000000c0000000,0x00000000c2191630,0x00000000c5420000)
 PSPermGen       total 21248K, used 5934K [0x00000000bae00000, 0x00000000bc2c0000, 0x00000000c0000000)
  object space 21248K, 27% used [0x00000000bae00000,0x00000000bb3cba48,0x00000000bc2c0000)
GC Heap History (10 events):
Event: 8.376 GC heap before
{Heap before GC invocations=4 (full 0):
 PSYoungGen      total 37696K, used 37691K [0x00000000eaab0000, 0x00000000ed4c0000, 0x0000000100000000)
  eden space 32320K, 100% used [0x00000000eaab0000,0x00000000eca40000,0x00000000eca40000)
  from space 5376K, 99% used [0x00000000eca40000,0x00000000ecf7ed28,0x00000000ecf80000)
  to   space 5376K, 0% used [0x00000000ecf80000,0x00000000ecf80000,0x00000000ed4c0000)
 ParOldGen       total 86144K, used 11837K [0x00000000c0000000, 0x00000000c5420000, 0x00000000eaab0000)
  object space 86144K, 13% used [0x00000000c0000000,0x00000000c0b8f640,0x00000000c5420000)
 PSPermGen       total 21248K, used 5382K [0x00000000bae00000, 0x00000000bc2c0000, 0x00000000c0000000)
  object space 21248K, 25% used [0x00000000bae00000,0x00000000bb3419c0,0x00000000bc2c0000)
Event: 8.405 GC heap after
Heap after GC invocations=4 (full 0):
 PSYoungGen      total 37696K, used 5347K [0x00000000eaab0000, 0x00000000ed4c0000, 0x0000000100000000)
  eden space 32320K, 0% used [0x00000000eaab0000,0x00000000eaab0000,0x00000000eca40000)
  from space 5376K, 99% used [0x00000000ecf80000,0x00000000ed4b8d40,0x00000000ed4c0000)
  to   space 5376K, 0% used [0x00000000eca40000,0x00000000eca40000,0x00000000ecf80000)
 ParOldGen       total 86144K, used 17231K [0x00000000c0000000, 0x00000000c5420000, 0x00000000eaab0000)
  object space 86144K, 20% used [0x00000000c0000000,0x00000000c10d3f58,0x00000000c5420000)
 PSPermGen       total 21248K, used 5382K [0x00000000bae00000, 0x00000000bc2c0000, 0x00000000c0000000)
  object space 21248K, 25% used [0x00000000bae00000,0x00000000bb3419c0,0x00000000bc2c0000)
}
Event: 9.118 GC heap before
{Heap before GC invocations=5 (full 0):
 PSYoungGen      total 37696K, used 37667K [0x00000000eaab0000, 0x00000000ed4c0000, 0x0000000100000000)
  eden space 32320K, 100% used [0x00000000eaab0000,0x00000000eca40000,0x00000000eca40000)
  from space 5376K, 99% used [0x00000000ecf80000,0x00000000ed4b8d40,0x00000000ed4c0000)
  to   space 5376K, 0% used [0x00000000eca40000,0x00000000eca40000,0x00000000ecf80000)
 ParOldGen       total 86144K, used 17231K [0x00000000c0000000, 0x00000000c5420000, 0x00000000eaab0000)
  object space 86144K, 20% used [0x00000000c0000000,0x00000000c10d3f58,0x00000000c5420000)
 PSPermGen       total 21248K, used 5397K [0x00000000bae00000, 0x00000000bc2c0000, 0x00000000c0000000)
  object space 21248K, 25% used [0x00000000bae00000,0x00000000bb3455f8,0x00000000bc2c0000)
Event: 9.131 GC heap after
Heap after GC invocations=5 (full 0):
 PSYoungGen      total 37696K, used 5363K [0x00000000eaab0000, 0x00000000ed4c0000, 0x0000000100000000)
  eden space 32320K, 0% used [0x00000000eaab0000,0x00000000eaab0000,0x00000000eca40000)
  from space 5376K, 99% used [0x00000000eca40000,0x00000000ecf7cd28,0x00000000ecf80000)
  to   space 5376K, 0% used [0x00000000ecf80000,0x00000000ecf80000,0x00000000ed4c0000)
 ParOldGen       total 86144K, used 23034K [0x00000000c0000000, 0x00000000c5420000, 0x00000000eaab0000)
  object space 86144K, 26% used [0x00000000c0000000,0x00000000c167e908,0x00000000c5420000)
 PSPermGen       total 21248K, used 5397K [0x00000000bae00000, 0x00000000bc2c0000, 0x00000000c0000000)
  object space 21248K, 25% used [0x00000000bae00000,0x00000000bb3455f8,0x00000000bc2c0000)
}
Event: 9.756 GC heap before
{Heap before GC invocations=6 (full 0):
 PSYoungGen      total 37696K, used 37683K [0x00000000eaab0000, 0x00000000ed4c0000, 0x0000000100000000)
  eden space 32320K, 100% used [0x00000000eaab0000,0x00000000eca40000,0x00000000eca40000)
  from space 5376K, 99% used [0x00000000eca40000,0x00000000ecf7cd28,0x00000000ecf80000)
  to   space 5376K, 0% used [0x00000000ecf80000,0x00000000ecf80000,0x00000000ed4c0000)
 ParOldGen       total 86144K, used 23034K [0x00000000c0000000, 0x00000000c5420000, 0x00000000eaab0000)
  object space 86144K, 26% used [0x00000000c0000000,0x00000000c167e908,0x00000000c5420000)
 PSPermGen       total 21248K, used 5425K [0x00000000bae00000, 0x00000000bc2c0000, 0x00000000c0000000)
  object space 21248K, 25% used [0x00000000bae00000,0x00000000bb34c5a0,0x00000000bc2c0000)
Event: 9.790 GC heap after
Heap after GC invocations=6 (full 0):
 PSYoungGen      total 37696K, used 5351K [0x00000000eaab0000, 0x00000000ed4c0000, 0x0000000100000000)
  eden space 32320K, 0% used [0x00000000eaab0000,0x00000000eaab0000,0x00000000eca40000)
  from space 5376K, 99% used [0x00000000ecf80000,0x00000000ed4b9fb0,0x00000000ed4c0000)
  to   space 5376K, 0% used [0x00000000eca40000,0x00000000eca40000,0x00000000ecf80000)
 ParOldGen       total 86144K, used 28240K [0x00000000c0000000, 0x00000000c5420000, 0x00000000eaab0000)
  object space 86144K, 32% used [0x00000000c0000000,0x00000000c1b943e8,0x00000000c5420000)
 PSPermGen       total 21248K, used 5425K [0x00000000bae00000, 0x00000000bc2c0000, 0x00000000c0000000)
  object space 21248K, 25% used [0x00000000bae00000,0x00000000bb34c5a0,0x00000000bc2c0000)
}
Event: 10.556 GC heap before
{Heap before GC invocations=7 (full 0):
 PSYoungGen      total 37696K, used 37671K [0x00000000eaab0000, 0x00000000ed4c0000, 0x0000000100000000)
  eden space 32320K, 100% used [0x00000000eaab0000,0x00000000eca40000,0x00000000eca40000)
  from space 5376K, 99% used [0x00000000ecf80000,0x00000000ed4b9fb0,0x00000000ed4c0000)
  to   space 5376K, 0% used [0x00000000eca40000,0x00000000eca40000,0x00000000ecf80000)
 ParOldGen       total 86144K, used 28240K [0x00000000c0000000, 0x00000000c5420000, 0x00000000eaab0000)
  object space 86144K, 32% used [0x00000000c0000000,0x00000000c1b943e8,0x00000000c5420000)
 PSPermGen       total 21248K, used 5433K [0x00000000bae00000, 0x00000000bc2c0000, 0x00000000c0000000)
  object space 21248K, 25% used [0x00000000bae00000,0x00000000bb34e5e8,0x00000000bc2c0000)
Event: 10.573 GC heap after
Heap after GC invocations=7 (full 0):
 PSYoungGen      total 37696K, used 5351K [0x00000000eaab0000, 0x00000000f0270000, 0x0000000100000000)
  eden space 32320K, 0% used [0x00000000eaab0000,0x00000000eaab0000,0x00000000eca40000)
  from space 5376K, 99% used [0x00000000eca40000,0x00000000ecf79ce8,0x00000000ecf80000)
  to   space 12608K, 0% used [0x00000000ef620000,0x00000000ef620000,0x00000000f0270000)
 ParOldGen       total 86144K, used 33140K [0x00000000c0000000, 0x00000000c5420000, 0x00000000eaab0000)
  object space 86144K, 38% used [0x00000000c0000000,0x00000000c205d338,0x00000000c5420000)
 PSPermGen       total 21248K, used 5433K [0x00000000bae00000, 0x00000000bc2c0000, 0x00000000c0000000)
  object space 21248K, 25% used [0x00000000bae00000,0x00000000bb34e5e8,0x00000000bc2c0000)
}
Event: 11.009 GC heap before
{Heap before GC invocations=8 (full 0):
 PSYoungGen      total 37696K, used 37671K [0x00000000eaab0000, 0x00000000f0270000, 0x0000000100000000)
  eden space 32320K, 100% used [0x00000000eaab0000,0x00000000eca40000,0x00000000eca40000)
  from space 5376K, 99% used [0x00000000eca40000,0x00000000ecf79ce8,0x00000000ecf80000)
  to   space 12608K, 0% used [0x00000000ef620000,0x00000000ef620000,0x00000000f0270000)
 ParOldGen       total 86144K, used 33140K [0x00000000c0000000, 0x00000000c5420000, 0x00000000eaab0000)
  object space 86144K, 38% used [0x00000000c0000000,0x00000000c205d338,0x00000000c5420000)
 PSPermGen       total 21248K, used 5866K [0x00000000bae00000, 0x00000000bc2c0000, 0x00000000c0000000)
  object space 21248K, 27% used [0x00000000bae00000,0x00000000bb3bab60,0x00000000bc2c0000)
Event: 11.058 GC heap after
Heap after GC invocations=8 (full 0):
 PSYoungGen      total 77184K, used 8154K [0x00000000eaab0000, 0x00000000f0290000, 0x0000000100000000)
  eden space 64576K, 0% used [0x00000000eaab0000,0x00000000eaab0000,0x00000000ee9c0000)
  from space 12608K, 64% used [0x00000000ef620000,0x00000000efe16bc0,0x00000000f0270000)
  to   space 12672K, 0% used [0x00000000ee9c0000,0x00000000ee9c0000,0x00000000ef620000)
 ParOldGen       total 86144K, used 34373K [0x00000000c0000000, 0x00000000c5420000, 0x00000000eaab0000)
  object space 86144K, 39% used [0x00000000c0000000,0x00000000c2191630,0x00000000c5420000)
 PSPermGen       total 21248K, used 5866K [0x00000000bae00000, 0x00000000bc2c0000, 0x00000000c0000000)
  object space 21248K, 27% used [0x00000000bae00000,0x00000000bb3bab60,0x00000000bc2c0000)
}

