# JRE version: 7.0_07-b10
# Java VM: Java HotSpot(TM) 64-Bit Server VM (23.3-b01 mixed mode windows-amd64 compressed oops)
Heap
 PSYoungGen      total 134656K, used 30543K [0x00000000eaab0000, 0x00000000fdc90000, 0x0000000100000000)
  eden space 129280K, 19% used [0x00000000eaab0000,0x00000000ec3496b8,0x00000000f28f0000)
  from space 5376K, 99% used [0x00000000f28f0000,0x00000000f2e2a610,0x00000000f2e30000)
  to   space 27328K, 0% used [0x00000000fc1e0000,0x00000000fc1e0000,0x00000000fdc90000)
 ParOldGen       total 86144K, used 47911K [0x00000000c0000000, 0x00000000c5420000, 0x00000000eaab0000)
  object space 86144K, 55% used [0x00000000c0000000,0x00000000c2ec9df8,0x00000000c5420000)
 PSPermGen       total 21248K, used 6164K [0x00000000bae00000, 0x00000000bc2c0000, 0x00000000c0000000)
  object space 21248K, 29% used [0x00000000bae00000,0x00000000bb405220,0x00000000bc2c0000)
GC Heap History (10 events):
Event: 0.930 GC heap before
{Heap before GC invocations=1 (full 0):
 PSYoungGen      total 37696K, used 32320K [0x00000000eaab0000, 0x00000000ed4c0000, 0x0000000100000000)
  eden space 32320K, 100% used [0x00000000eaab0000,0x00000000eca40000,0x00000000eca40000)
  from space 5376K, 0% used [0x00000000ecf80000,0x00000000ecf80000,0x00000000ed4c0000)
  to   space 5376K, 0% used [0x00000000eca40000,0x00000000eca40000,0x00000000ecf80000)
 ParOldGen       total 86144K, used 0K [0x00000000c0000000, 0x00000000c5420000, 0x00000000eaab0000)
  object space 86144K, 0% used [0x00000000c0000000,0x00000000c0000000,0x00000000c5420000)
 PSPermGen       total 21248K, used 5208K [0x00000000bae00000, 0x00000000bc2c0000, 0x00000000c0000000)
  object space 21248K, 24% used [0x00000000bae00000,0x00000000bb316308,0x00000000bc2c0000)
Event: 0.943 GC heap after
Heap after GC invocations=1 (full 0):
 PSYoungGen      total 37696K, used 5355K [0x00000000eaab0000, 0x00000000ef450000, 0x0000000100000000)
  eden space 32320K, 0% used [0x00000000eaab0000,0x00000000eaab0000,0x00000000eca40000)
  from space 5376K, 99% used [0x00000000eca40000,0x00000000ecf7ac80,0x00000000ecf80000)
  to   space 5376K, 0% used [0x00000000eef10000,0x00000000eef10000,0x00000000ef450000)
 ParOldGen       total 86144K, used 1627K [0x00000000c0000000, 0x00000000c5420000, 0x00000000eaab0000)
  object space 86144K, 1% used [0x00000000c0000000,0x00000000c0196e70,0x00000000c5420000)
 PSPermGen       total 21248K, used 5208K [0x00000000bae00000, 0x00000000bc2c0000, 0x00000000c0000000)
  object space 21248K, 24% used [0x00000000bae00000,0x00000000bb316308,0x00000000bc2c0000)
}
Event: 1.357 GC heap before
{Heap before GC invocations=2 (full 0):
 PSYoungGen      total 37696K, used 37675K [0x00000000eaab0000, 0x00000000ef450000, 0x0000000100000000)
  eden space 32320K, 100% used [0x00000000eaab0000,0x00000000eca40000,0x00000000eca40000)
  from space 5376K, 99% used [0x00000000eca40000,0x00000000ecf7ac80,0x00000000ecf80000)
  to   space 5376K, 0% used [0x00000000eef10000,0x00000000eef10000,0x00000000ef450000)
 ParOldGen       total 86144K, used 1627K [0x00000000c0000000, 0x00000000c5420000, 0x00000000eaab0000)
  object space 86144K, 1% used [0x00000000c0000000,0x00000000c0196e70,0x00000000c5420000)
 PSPermGen       total 21248K, used 5328K [0x00000000bae00000, 0x00000000bc2c0000, 0x00000000c0000000)
  object space 21248K, 25% used [0x00000000bae00000,0x00000000bb3341f8,0x00000000bc2c0000)
Event: 1.363 GC heap after
Heap after GC invocations=2 (full 0):
 PSYoungGen      total 70016K, used 5355K [0x00000000eaab0000, 0x00000000ef450000, 0x0000000100000000)
  eden space 64640K, 0% used [0x00000000eaab0000,0x00000000eaab0000,0x00000000ee9d0000)
  from space 5376K, 99% used [0x00000000eef10000,0x00000000ef44ac80,0x00000000ef450000)
  to   space 5376K, 0% used [0x00000000ee9d0000,0x00000000ee9d0000,0x00000000eef10000)
 ParOldGen       total 86144K, used 6646K [0x00000000c0000000, 0x00000000c5420000, 0x00000000eaab0000)
  object space 86144K, 7% used [0x00000000c0000000,0x00000000c067d818,0x00000000c5420000)
 PSPermGen       total 21248K, used 5328K [0x00000000bae00000, 0x00000000bc2c0000, 0x00000000c0000000)
  object space 21248K, 25% used [0x00000000bae00000,0x00000000bb3341f8,0x00000000bc2c0000)
}
Event: 1.843 GC heap before
{Heap before GC invocations=3 (full 0):
 PSYoungGen      total 70016K, used 69995K [0x00000000eaab0000, 0x00000000ef450000, 0x0000000100000000)
  eden space 64640K, 100% used [0x00000000eaab0000,0x00000000ee9d0000,0x00000000ee9d0000)
  from space 5376K, 99% used [0x00000000eef10000,0x00000000ef44ac80,0x00000000ef450000)
  to   space 5376K, 0% used [0x00000000ee9d0000,0x00000000ee9d0000,0x00000000eef10000)
 ParOldGen       total 86144K, used 6646K [0x00000000c0000000, 0x00000000c5420000, 0x00000000eaab0000)
  object space 86144K, 7% used [0x00000000c0000000,0x00000000c067d818,0x00000000c5420000)
 PSPermGen       total 21248K, used 5372K [0x00000000bae00000, 0x00000000bc2c0000, 0x00000000c0000000)
  object space 21248K, 25% used [0x00000000bae00000,0x00000000bb33f150,0x00000000bc2c0000)
Event: 1.857 GC heap after
Heap after GC invocations=3 (full 0):
 PSYoungGen      total 70016K, used 5371K [0x00000000eaab0000, 0x00000000f3370000, 0x0000000100000000)
  eden space 64640K, 0% used [0x00000000eaab0000,0x00000000eaab0000,0x00000000ee9d0000)
  from space 5376K, 99% used [0x00000000ee9d0000,0x00000000eef0ec60,0x00000000eef10000)
  to   space 5376K, 0% used [0x00000000f2e30000,0x00000000f2e30000,0x00000000f3370000)
 ParOldGen       total 86144K, used 17215K [0x00000000c0000000, 0x00000000c5420000, 0x00000000eaab0000)
  object space 86144K, 19% used [0x00000000c0000000,0x00000000c10cfd38,0x00000000c5420000)
 PSPermGen       total 21248K, used 5372K [0x00000000bae00000, 0x00000000bc2c0000, 0x00000000c0000000)
  object space 21248K, 25% used [0x00000000bae00000,0x00000000bb33f150,0x00000000bc2c0000)
}
Event: 2.179 GC heap before
{Heap before GC invocations=4 (full 0):
 PSYoungGen      total 70016K, used 70011K [0x00000000eaab0000, 0x00000000f3370000, 0x0000000100000000)
  eden space 64640K, 100% used [0x00000000eaab0000,0x00000000ee9d0000,0x00000000ee9d0000)
  from space 5376K, 99% used [0x00000000ee9d0000,0x00000000eef0ec60,0x00000000eef10000)
  to   space 5376K, 0% used [0x00000000f2e30000,0x00000000f2e30000,0x00000000f3370000)
 ParOldGen       total 86144K, used 17215K [0x00000000c0000000, 0x00000000c5420000, 0x00000000eaab0000)
  object space 86144K, 19% used [0x00000000c0000000,0x00000000c10cfd38,0x00000000c5420000)
 PSPermGen       total 21248K, used 5420K [0x00000000bae00000, 0x00000000bc2c0000, 0x00000000c0000000)
  object space 21248K, 25% used [0x00000000bae00000,0x00000000bb34b2d8,0x00000000bc2c0000)
Event: 2.191 GC heap after
Heap after GC invocations=4 (full 0):
 PSYoungGen      total 134656K, used 5372K [0x00000000eaab0000, 0x00000000f3370000, 0x0000000100000000)
  eden space 129280K, 0% used [0x00000000eaab0000,0x00000000eaab0000,0x00000000f28f0000)
  from space 5376K, 99% used [0x00000000f2e30000,0x00000000f336f288,0x00000000f3370000)
  to   space 5376K, 0% used [0x00000000f28f0000,0x00000000f28f0000,0x00000000f2e30000)
 ParOldGen       total 86144K, used 28367K [0x00000000c0000000, 0x00000000c5420000, 0x00000000eaab0000)
  object space 86144K, 32% used [0x00000000c0000000,0x00000000c1bb3ec0,0x00000000c5420000)
 PSPermGen       total 21248K, used 5420K [0x00000000bae00000, 0x00000000bc2c0000, 0x00000000c0000000)
  object space 21248K, 25% used [0x00000000bae00000,0x00000000bb34b2d8,0x00000000bc2c0000)
}
Event: 3.121 GC heap before
{Heap before GC invocations=5 (full 0):
 PSYoungGen      total 134656K, used 134652K [0x00000000eaab0000, 0x00000000f3370000, 0x0000000100000000)
  eden space 129280K, 100% used [0x00000000eaab0000,0x00000000f28f0000,0x00000000f28f0000)
  from space 5376K, 99% used [0x00000000f2e30000,0x00000000f336f288,0x00000000f3370000)
  to   space 5376K, 0% used [0x00000000f28f0000,0x00000000f28f0000,0x00000000f2e30000)
 ParOldGen       total 86144K, used 28367K [0x00000000c0000000, 0x00000000c5420000, 0x00000000eaab0000)
  object space 86144K, 32% used [0x00000000c0000000,0x00000000c1bb3ec0,0x00000000c5420000)
 PSPermGen       total 21248K, used 5889K [0x00000000bae00000, 0x00000000bc2c0000, 0x00000000c0000000)
  object space 21248K, 27% used [0x00000000bae00000,0x00000000bb3c04d8,0x00000000bc2c0000)
Event: 3.189 GC heap after
Heap after GC invocations=5 (full 0):
 PSYoungGen      total 134656K, used 5353K [0x00000000eaab0000, 0x00000000fdc90000, 0x0000000100000000)
  eden space 129280K, 0% used [0x00000000eaab0000,0x00000000eaab0000,0x00000000f28f0000)
  from space 5376K, 99% used [0x00000000f28f0000,0x00000000f2e2a610,0x00000000f2e30000)
  to   space 27328K, 0% used [0x00000000fc1e0000,0x00000000fc1e0000,0x00000000fdc90000)
 ParOldGen       total 86144K, used 47911K [0x00000000c0000000, 0x00000000c5420000, 0x00000000eaab0000)
  object space 86144K, 55% used [0x00000000c0000000,0x00000000c2ec9df8,0x00000000c5420000)
 PSPermGen       total 21248K, used 5889K [0x00000000bae00000, 0x00000000bc2c0000, 0x00000000c0000000)
  object space 21248K, 27% used [0x00000000bae00000,0x00000000bb3c04d8,0x00000000bc2c0000)
}

