# JRE version: 7.0_07-b10
# Java VM: Java HotSpot(TM) 64-Bit Server VM (23.3-b01 mixed mode windows-amd64 compressed oops)
Heap
 PSYoungGen      total 77440K, used 24481K [0x00000000eaab0000, 0x00000000f02d0000, 0x0000000100000000)
  eden space 64640K, 18% used [0x00000000eaab0000,0x00000000eb620640,0x00000000ee9d0000)
  from space 12800K, 99% used [0x00000000ee9d0000,0x00000000ef648020,0x00000000ef650000)
  to   space 12800K, 0% used [0x00000000ef650000,0x00000000ef650000,0x00000000f02d0000)
 ParOldGen       total 86144K, used 30750K [0x00000000c0000000, 0x00000000c5420000, 0x00000000eaab0000)
  object space 86144K, 35% used [0x00000000c0000000,0x00000000c1e07800,0x00000000c5420000)
 PSPermGen       total 21248K, used 5431K [0x00000000bae00000, 0x00000000bc2c0000, 0x00000000c0000000)
  object space 21248K, 25% used [0x00000000bae00000,0x00000000bb34df30,0x00000000bc2c0000)
GC Heap History (10 events):
Event: 13.070 GC heap before
{Heap before GC invocations=3 (full 0):
 PSYoungGen      total 37696K, used 37689K [0x00000000eaab0000, 0x00000000ed4c0000, 0x0000000100000000)
  eden space 32320K, 100% used [0x00000000eaab0000,0x00000000eca40000,0x00000000eca40000)
  from space 5376K, 99% used [0x00000000ecf80000,0x00000000ed4be650,0x00000000ed4c0000)
  to   space 5376K, 0% used [0x00000000eca40000,0x00000000eca40000,0x00000000ecf80000)
 ParOldGen       total 86144K, used 6281K [0x00000000c0000000, 0x00000000c5420000, 0x00000000eaab0000)
  object space 86144K, 7% used [0x00000000c0000000,0x00000000c0622650,0x00000000c5420000)
 PSPermGen       total 21248K, used 5342K [0x00000000bae00000, 0x00000000bc2c0000, 0x00000000c0000000)
  object space 21248K, 25% used [0x00000000bae00000,0x00000000bb3379a0,0x00000000bc2c0000)
Event: 13.091 GC heap after
Heap after GC invocations=3 (full 0):
 PSYoungGen      total 37696K, used 5356K [0x00000000eaab0000, 0x00000000ed4c0000, 0x0000000100000000)
  eden space 32320K, 0% used [0x00000000eaab0000,0x00000000eaab0000,0x00000000eca40000)
  from space 5376K, 99% used [0x00000000eca40000,0x00000000ecf7b2f0,0x00000000ecf80000)
  to   space 5376K, 0% used [0x00000000ecf80000,0x00000000ecf80000,0x00000000ed4c0000)
 ParOldGen       total 86144K, used 11783K [0x00000000c0000000, 0x00000000c5420000, 0x00000000eaab0000)
  object space 86144K, 13% used [0x00000000c0000000,0x00000000c0b81cd8,0x00000000c5420000)
 PSPermGen       total 21248K, used 5342K [0x00000000bae00000, 0x00000000bc2c0000, 0x00000000c0000000)
  object space 21248K, 25% used [0x00000000bae00000,0x00000000bb3379a0,0x00000000bc2c0000)
}
Event: 14.989 GC heap before
{Heap before GC invocations=4 (full 0):
 PSYoungGen      total 37696K, used 37676K [0x00000000eaab0000, 0x00000000ed4c0000, 0x0000000100000000)
  eden space 32320K, 100% used [0x00000000eaab0000,0x00000000eca40000,0x00000000eca40000)
  from space 5376K, 99% used [0x00000000eca40000,0x00000000ecf7b2f0,0x00000000ecf80000)
  to   space 5376K, 0% used [0x00000000ecf80000,0x00000000ecf80000,0x00000000ed4c0000)
 ParOldGen       total 86144K, used 11783K [0x00000000c0000000, 0x00000000c5420000, 0x00000000eaab0000)
  object space 86144K, 13% used [0x00000000c0000000,0x00000000c0b81cd8,0x00000000c5420000)
 PSPermGen       total 21248K, used 5362K [0x00000000bae00000, 0x00000000bc2c0000, 0x00000000c0000000)
  object space 21248K, 25% used [0x00000000bae00000,0x00000000bb33cbb8,0x00000000bc2c0000)
Event: 15.004 GC heap after
Heap after GC invocations=4 (full 0):
 PSYoungGen      total 37696K, used 5355K [0x00000000eaab0000, 0x00000000ed4c0000, 0x0000000100000000)
  eden space 32320K, 0% used [0x00000000eaab0000,0x00000000eaab0000,0x00000000eca40000)
  from space 5376K, 99% used [0x00000000ecf80000,0x00000000ed4bacd8,0x00000000ed4c0000)
  to   space 5376K, 0% used [0x00000000eca40000,0x00000000eca40000,0x00000000ecf80000)
 ParOldGen       total 86144K, used 17057K [0x00000000c0000000, 0x00000000c5420000, 0x00000000eaab0000)
  object space 86144K, 19% used [0x00000000c0000000,0x00000000c10a86c0,0x00000000c5420000)
 PSPermGen       total 21248K, used 5362K [0x00000000bae00000, 0x00000000bc2c0000, 0x00000000c0000000)
  object space 21248K, 25% used [0x00000000bae00000,0x00000000bb33cbb8,0x00000000bc2c0000)
}
Event: 15.380 GC heap before
{Heap before GC invocations=5 (full 0):
 PSYoungGen      total 37696K, used 37675K [0x00000000eaab0000, 0x00000000ed4c0000, 0x0000000100000000)
  eden space 32320K, 100% used [0x00000000eaab0000,0x00000000eca40000,0x00000000eca40000)
  from space 5376K, 99% used [0x00000000ecf80000,0x00000000ed4bacd8,0x00000000ed4c0000)
  to   space 5376K, 0% used [0x00000000eca40000,0x00000000eca40000,0x00000000ecf80000)
 ParOldGen       total 86144K, used 17057K [0x00000000c0000000, 0x00000000c5420000, 0x00000000eaab0000)
  object space 86144K, 19% used [0x00000000c0000000,0x00000000c10a86c0,0x00000000c5420000)
 PSPermGen       total 21248K, used 5371K [0x00000000bae00000, 0x00000000bc2c0000, 0x00000000c0000000)
  object space 21248K, 25% used [0x00000000bae00000,0x00000000bb33ef38,0x00000000bc2c0000)
Event: 15.391 GC heap after
Heap after GC invocations=5 (full 0):
 PSYoungGen      total 37696K, used 5372K [0x00000000eaab0000, 0x00000000f02d0000, 0x0000000100000000)
  eden space 32320K, 0% used [0x00000000eaab0000,0x00000000eaab0000,0x00000000eca40000)
  from space 5376K, 99% used [0x00000000eca40000,0x00000000ecf7f308,0x00000000ecf80000)
  to   space 12800K, 0% used [0x00000000ef650000,0x00000000ef650000,0x00000000f02d0000)
 ParOldGen       total 86144K, used 22139K [0x00000000c0000000, 0x00000000c5420000, 0x00000000eaab0000)
  object space 86144K, 25% used [0x00000000c0000000,0x00000000c159ee78,0x00000000c5420000)
 PSPermGen       total 21248K, used 5371K [0x00000000bae00000, 0x00000000bc2c0000, 0x00000000c0000000)
  object space 21248K, 25% used [0x00000000bae00000,0x00000000bb33ef38,0x00000000bc2c0000)
}
Event: 16.328 GC heap before
{Heap before GC invocations=6 (full 0):
 PSYoungGen      total 37696K, used 37692K [0x00000000eaab0000, 0x00000000f02d0000, 0x0000000100000000)
  eden space 32320K, 100% used [0x00000000eaab0000,0x00000000eca40000,0x00000000eca40000)
  from space 5376K, 99% used [0x00000000eca40000,0x00000000ecf7f308,0x00000000ecf80000)
  to   space 12800K, 0% used [0x00000000ef650000,0x00000000ef650000,0x00000000f02d0000)
 ParOldGen       total 86144K, used 22139K [0x00000000c0000000, 0x00000000c5420000, 0x00000000eaab0000)
  object space 86144K, 25% used [0x00000000c0000000,0x00000000c159ee78,0x00000000c5420000)
 PSPermGen       total 21248K, used 5379K [0x00000000bae00000, 0x00000000bc2c0000, 0x00000000c0000000)
  object space 21248K, 25% used [0x00000000bae00000,0x00000000bb340eb8,0x00000000bc2c0000)
Event: 16.345 GC heap after
Heap after GC invocations=6 (full 0):
 PSYoungGen      total 77440K, used 10667K [0x00000000eaab0000, 0x00000000f02d0000, 0x0000000100000000)
  eden space 64640K, 0% used [0x00000000eaab0000,0x00000000eaab0000,0x00000000ee9d0000)
  from space 12800K, 83% used [0x00000000ef650000,0x00000000f00bac80,0x00000000f02d0000)
  to   space 12800K, 0% used [0x00000000ee9d0000,0x00000000ee9d0000,0x00000000ef650000)
 ParOldGen       total 86144K, used 22139K [0x00000000c0000000, 0x00000000c5420000, 0x00000000eaab0000)
  object space 86144K, 25% used [0x00000000c0000000,0x00000000c159ee78,0x00000000c5420000)
 PSPermGen       total 21248K, used 5379K [0x00000000bae00000, 0x00000000bc2c0000, 0x00000000c0000000)
  object space 21248K, 25% used [0x00000000bae00000,0x00000000bb340eb8,0x00000000bc2c0000)
}
Event: 19.448 GC heap before
{Heap before GC invocations=7 (full 0):
 PSYoungGen      total 77440K, used 75307K [0x00000000eaab0000, 0x00000000f02d0000, 0x0000000100000000)
  eden space 64640K, 100% used [0x00000000eaab0000,0x00000000ee9d0000,0x00000000ee9d0000)
  from space 12800K, 83% used [0x00000000ef650000,0x00000000f00bac80,0x00000000f02d0000)
  to   space 12800K, 0% used [0x00000000ee9d0000,0x00000000ee9d0000,0x00000000ef650000)
 ParOldGen       total 86144K, used 22139K [0x00000000c0000000, 0x00000000c5420000, 0x00000000eaab0000)
  object space 86144K, 25% used [0x00000000c0000000,0x00000000c159ee78,0x00000000c5420000)
 PSPermGen       total 21248K, used 5420K [0x00000000bae00000, 0x00000000bc2c0000, 0x00000000c0000000)
  object space 21248K, 25% used [0x00000000bae00000,0x00000000bb34b070,0x00000000bc2c0000)
Event: 19.480 GC heap after
Heap after GC invocations=7 (full 0):
 PSYoungGen      total 77440K, used 12768K [0x00000000eaab0000, 0x00000000f02d0000, 0x0000000100000000)
  eden space 64640K, 0% used [0x00000000eaab0000,0x00000000eaab0000,0x00000000ee9d0000)
  from space 12800K, 99% used [0x00000000ee9d0000,0x00000000ef648020,0x00000000ef650000)
  to   space 12800K, 0% used [0x00000000ef650000,0x00000000ef650000,0x00000000f02d0000)
 ParOldGen       total 86144K, used 30750K [0x00000000c0000000, 0x00000000c5420000, 0x00000000eaab0000)
  object space 86144K, 35% used [0x00000000c0000000,0x00000000c1e07800,0x00000000c5420000)
 PSPermGen       total 21248K, used 5420K [0x00000000bae00000, 0x00000000bc2c0000, 0x00000000c0000000)
  object space 21248K, 25% used [0x00000000bae00000,0x00000000bb34b070,0x00000000bc2c0000)
}

